<?xml version="1.0" encoding="UTF-8"?>
<testng-results skipped="0" failed="0" ignored="0" total="1" passed="1">
  <reporter-output>
  </reporter-output>
  <suite name="Default suite" duration-ms="4428" started-at="2018-09-11T09:01:38Z" finished-at="2018-09-11T09:01:43Z">
    <groups>
    </groups>
    <test name="Default test" duration-ms="4428" started-at="2018-09-11T09:01:38Z" finished-at="2018-09-11T09:01:43Z">
      <class name="resttestdemo.Testauth">
        <test-method status="PASS" signature="testoauth()[pri:0, instance:resttestdemo.Testauth@2a2d45ba]" name="testoauth" duration-ms="4382" started-at="2018-09-11T09:01:38Z" finished-at="2018-09-11T09:01:43Z">
          <reporter-output>
          </reporter-output>
        </test-method> <!-- testoauth -->
      </class> <!-- resttestdemo.Testauth -->
    </test> <!-- Default test -->
  </suite> <!-- Default suite -->
</testng-results>
